This file contains any messages produced by compilers while
running configure, to aid debugging if configure makes a mistake.

It was created by fdk-aac configure 0.1.4, which was
generated by GNU Autoconf 2.69.  Invocation command line was

  $ ./configure --host=arm-androideabi-linux --disable-shared --prefix=/Users/meitu/AndroidStudioProjects/FFmpeg/compile/fdk-aac-0.1.4/Android/arm

## --------- ##
## Platform. ##
## --------- ##

hostname = meitudeMacBook-Pro-4.local
uname -m = x86_64
uname -r = 18.2.0
uname -s = Darwin
uname -v = Darwin Kernel Version 18.2.0: Thu Dec 20 20:46:53 PST 2018; root:xnu-4903.241.1~1/RELEASE_X86_64

/usr/bin/uname -p = i386
/bin/uname -X     = unknown

/bin/arch              = unknown
/usr/bin/arch -k       = unknown
/usr/convex/getsysinfo = unknown
/usr/bin/hostinfo      = Mach kernel version:
	 Darwin Kernel Version 18.2.0: Thu Dec 20 20:46:53 PST 2018; root:xnu-4903.241.1~1/RELEASE_X86_64
Kernel configured for up to 4 processors.
2 processors are physically available.
4 processors are logically available.
Processor type: x86_64h (Intel x86-64h Haswell)
Processors active: 0 1 2 3
Primary memory available: 16.00 gigabytes
Default processor set: 327 tasks, 1264 threads, 4 processors
Load average: 1.87, Mach factor: 2.14
/bin/machine           = unknown
/usr/bin/oslevel       = unknown
/bin/universe          = unknown

PATH: /Users/meitu/.gradle/wrapper/dists/gradle-4.6-all/bcst21l2brirad8k2ben1letg/gradle-4.6/bin/
PATH: /Users/meitu/ffmpeg/bin/
PATH: /Users/meitu/database/mongodb/bin/
PATH: /Users/meitu/Library/Android/sdk/platform-tools/
PATH: /usr/local/bin
PATH: /usr/bin
PATH: /bin
PATH: /usr/sbin
PATH: /sbin


## ----------- ##
## Core tests. ##
## ----------- ##

configure:2299: checking for a BSD-compatible install
configure:2367: result: /usr/bin/install -c
configure:2378: checking whether build environment is sane
configure:2428: result: yes
configure:2477: checking for arm-androideabi-linux-strip
configure:2507: result: no
configure:2517: checking for strip
configure:2533: found /usr/bin/strip
configure:2544: result: strip
configure:2569: checking for a thread-safe mkdir -p
configure:2608: result: ./install-sh -c -d
configure:2621: checking for gawk
configure:2651: result: no
configure:2621: checking for mawk
configure:2651: result: no
configure:2621: checking for nawk
configure:2651: result: no
configure:2621: checking for awk
configure:2637: found /usr/bin/awk
configure:2648: result: awk
configure:2659: checking whether make sets $(MAKE)
configure:2681: result: yes
configure:2756: checking how to create a ustar tar archive
configure:2769: tar --version
bsdtar 2.8.3 - libarchive 2.8.3
configure:2772: $? = 0
configure:2812: tardir=conftest.dir && eval tar --format=ustar -chf - "$tardir" >conftest.tar
configure:2815: $? = 0
configure:2819: tar -xf - <conftest.tar
configure:2822: $? = 0
configure:2835: result: gnutar
configure:2853: checking whether make supports nested variables
configure:2870: result: yes
configure:2907: checking for arm-androideabi-linux-gcc
configure:2934: result: /Users/meitu/soft/android-ndk-r14b/toolchains/arm-linux-androideabi-4.9/prebuilt/linux-x86_64/bin//arm-linux-androideabi-gcc --sysroot=/Users/meitu/soft/android-ndk-r14b/platforms/android-14/arch-arm
configure:3203: checking for C compiler version
configure:3212: /Users/meitu/soft/android-ndk-r14b/toolchains/arm-linux-androideabi-4.9/prebuilt/linux-x86_64/bin//arm-linux-androideabi-gcc --sysroot=/Users/meitu/soft/android-ndk-r14b/platforms/android-14/arch-arm --version >&5
./configure: line 3214: /Users/meitu/soft/android-ndk-r14b/toolchains/arm-linux-androideabi-4.9/prebuilt/linux-x86_64/bin//arm-linux-androideabi-gcc: No such file or directory
configure:3223: $? = 127
configure:3212: /Users/meitu/soft/android-ndk-r14b/toolchains/arm-linux-androideabi-4.9/prebuilt/linux-x86_64/bin//arm-linux-androideabi-gcc --sysroot=/Users/meitu/soft/android-ndk-r14b/platforms/android-14/arch-arm -v >&5
./configure: line 3214: /Users/meitu/soft/android-ndk-r14b/toolchains/arm-linux-androideabi-4.9/prebuilt/linux-x86_64/bin//arm-linux-androideabi-gcc: No such file or directory
configure:3223: $? = 127
configure:3212: /Users/meitu/soft/android-ndk-r14b/toolchains/arm-linux-androideabi-4.9/prebuilt/linux-x86_64/bin//arm-linux-androideabi-gcc --sysroot=/Users/meitu/soft/android-ndk-r14b/platforms/android-14/arch-arm -V >&5
./configure: line 3214: /Users/meitu/soft/android-ndk-r14b/toolchains/arm-linux-androideabi-4.9/prebuilt/linux-x86_64/bin//arm-linux-androideabi-gcc: No such file or directory
configure:3223: $? = 127
configure:3212: /Users/meitu/soft/android-ndk-r14b/toolchains/arm-linux-androideabi-4.9/prebuilt/linux-x86_64/bin//arm-linux-androideabi-gcc --sysroot=/Users/meitu/soft/android-ndk-r14b/platforms/android-14/arch-arm -qversion >&5
./configure: line 3214: /Users/meitu/soft/android-ndk-r14b/toolchains/arm-linux-androideabi-4.9/prebuilt/linux-x86_64/bin//arm-linux-androideabi-gcc: No such file or directory
configure:3223: $? = 127
configure:3243: checking whether the C compiler works
configure:3265: /Users/meitu/soft/android-ndk-r14b/toolchains/arm-linux-androideabi-4.9/prebuilt/linux-x86_64/bin//arm-linux-androideabi-gcc --sysroot=/Users/meitu/soft/android-ndk-r14b/platforms/android-14/arch-arm   -fpic -nostdlib -Bdynamic -Wl,--whole-archive -Wl,--no-undefined -Wl,-z,noexecstack  -Wl,-z,nocopyreloc -Wl,-soname,/system/lib/libz.so -Wl,-rpath-link=/Users/meitu/soft/android-ndk-r14b/platforms/android-14/arch-arm/usr/lib conftest.c  >&5
./configure: line 3267: /Users/meitu/soft/android-ndk-r14b/toolchains/arm-linux-androideabi-4.9/prebuilt/linux-x86_64/bin//arm-linux-androideabi-gcc: No such file or directory
configure:3269: $? = 127
configure:3307: result: no
configure: failed program was:
| /* confdefs.h */
| #define PACKAGE_NAME "fdk-aac"
| #define PACKAGE_TARNAME "fdk-aac"
| #define PACKAGE_VERSION "0.1.4"
| #define PACKAGE_STRING "fdk-aac 0.1.4"
| #define PACKAGE_BUGREPORT "http://sourceforge.net/projects/opencore-amr/"
| #define PACKAGE_URL ""
| #define PACKAGE "fdk-aac"
| #define VERSION "0.1.4"
| /* end confdefs.h.  */
| 
| int
| main ()
| {
| 
|   ;
|   return 0;
| }
configure:3312: error: in `/Users/meitu/AndroidStudioProjects/FFmpeg/compile/fdk-aac-0.1.4':
configure:3314: error: C compiler cannot create executables
See `config.log' for more details

## ---------------- ##
## Cache variables. ##
## ---------------- ##

ac_cv_env_CCC_set=
ac_cv_env_CCC_value=
ac_cv_env_CC_set=set
ac_cv_env_CC_value='/Users/meitu/soft/android-ndk-r14b/toolchains/arm-linux-androideabi-4.9/prebuilt/linux-x86_64/bin//arm-linux-androideabi-gcc --sysroot=/Users/meitu/soft/android-ndk-r14b/platforms/android-14/arch-arm'
ac_cv_env_CFLAGS_set=
ac_cv_env_CFLAGS_value=
ac_cv_env_CPPFLAGS_set=
ac_cv_env_CPPFLAGS_value=
ac_cv_env_CPP_set=
ac_cv_env_CPP_value=
ac_cv_env_CXXCPP_set=
ac_cv_env_CXXCPP_value=
ac_cv_env_CXXFLAGS_set=
ac_cv_env_CXXFLAGS_value=
ac_cv_env_CXX_set=set
ac_cv_env_CXX_value='/Users/meitu/soft/android-ndk-r14b/toolchains/arm-linux-androideabi-4.9/prebuilt/linux-x86_64/bin//arm-linux-androideabi-g++ --sysroot=/Users/meitu/soft/android-ndk-r14b/platforms/android-14/arch-arm'
ac_cv_env_LDFLAGS_set=set
ac_cv_env_LDFLAGS_value='-fpic -nostdlib -Bdynamic -Wl,--whole-archive -Wl,--no-undefined -Wl,-z,noexecstack  -Wl,-z,nocopyreloc -Wl,-soname,/system/lib/libz.so -Wl,-rpath-link=/Users/meitu/soft/android-ndk-r14b/platforms/android-14/arch-arm/usr/lib'
ac_cv_env_LIBS_set=
ac_cv_env_LIBS_value=
ac_cv_env_build_alias_set=
ac_cv_env_build_alias_value=
ac_cv_env_host_alias_set=set
ac_cv_env_host_alias_value=arm-androideabi-linux
ac_cv_env_target_alias_set=
ac_cv_env_target_alias_value=
ac_cv_path_install='/usr/bin/install -c'
ac_cv_prog_AWK=awk
ac_cv_prog_CC='/Users/meitu/soft/android-ndk-r14b/toolchains/arm-linux-androideabi-4.9/prebuilt/linux-x86_64/bin//arm-linux-androideabi-gcc --sysroot=/Users/meitu/soft/android-ndk-r14b/platforms/android-14/arch-arm'
ac_cv_prog_ac_ct_STRIP=strip
ac_cv_prog_make_make_set=yes
am_cv_make_support_nested_variables=yes
am_cv_prog_tar_ustar=gnutar

## ----------------- ##
## Output variables. ##
## ----------------- ##

ACLOCAL='${SHELL} /Users/meitu/AndroidStudioProjects/FFmpeg/compile/fdk-aac-0.1.4/missing --run aclocal-1.11'
AMDEPBACKSLASH=''
AMDEP_FALSE=''
AMDEP_TRUE=''
AMTAR='$${TAR-tar}'
AM_BACKSLASH='\'
AM_DEFAULT_V='$(AM_DEFAULT_VERBOSITY)'
AM_DEFAULT_VERBOSITY='0'
AM_V='$(V)'
AR=''
AUTOCONF='${SHELL} /Users/meitu/AndroidStudioProjects/FFmpeg/compile/fdk-aac-0.1.4/missing --run autoconf'
AUTOHEADER='${SHELL} /Users/meitu/AndroidStudioProjects/FFmpeg/compile/fdk-aac-0.1.4/missing --run autoheader'
AUTOMAKE='${SHELL} /Users/meitu/AndroidStudioProjects/FFmpeg/compile/fdk-aac-0.1.4/missing --run automake-1.11'
AWK='awk'
CC='/Users/meitu/soft/android-ndk-r14b/toolchains/arm-linux-androideabi-4.9/prebuilt/linux-x86_64/bin//arm-linux-androideabi-gcc --sysroot=/Users/meitu/soft/android-ndk-r14b/platforms/android-14/arch-arm'
CCDEPMODE=''
CFLAGS=''
CPP=''
CPPFLAGS=''
CXX='/Users/meitu/soft/android-ndk-r14b/toolchains/arm-linux-androideabi-4.9/prebuilt/linux-x86_64/bin//arm-linux-androideabi-g++ --sysroot=/Users/meitu/soft/android-ndk-r14b/platforms/android-14/arch-arm'
CXXCPP=''
CXXDEPMODE=''
CXXFLAGS=''
CYGPATH_W='echo'
DEFS=''
DEPDIR=''
DLLTOOL=''
DSYMUTIL=''
DUMPBIN=''
ECHO_C='\c'
ECHO_N=''
ECHO_T=''
EGREP=''
EXAMPLE_FALSE=''
EXAMPLE_TRUE='#'
EXEEXT=''
FDK_AAC_VERSION=''
FGREP=''
GREP=''
INSTALL_DATA='${INSTALL} -m 644'
INSTALL_PROGRAM='${INSTALL}'
INSTALL_SCRIPT='${INSTALL}'
INSTALL_STRIP_PROGRAM='$(install_sh) -c -s'
LD=''
LDFLAGS='-fpic -nostdlib -Bdynamic -Wl,--whole-archive -Wl,--no-undefined -Wl,-z,noexecstack  -Wl,-z,nocopyreloc -Wl,-soname,/system/lib/libz.so -Wl,-rpath-link=/Users/meitu/soft/android-ndk-r14b/platforms/android-14/arch-arm/usr/lib'
LIBOBJS=''
LIBS=''
LIBS_PRIVATE=''
LIBS_PUBLIC=''
LIBTOOL=''
LIPO=''
LN_S=''
LTLIBOBJS=''
MAKEINFO='${SHELL} /Users/meitu/AndroidStudioProjects/FFmpeg/compile/fdk-aac-0.1.4/missing --run makeinfo'
MANIFEST_TOOL=''
MKDIR_P='./install-sh -c -d'
NM=''
NMEDIT=''
OBJDUMP=''
OBJEXT=''
OTOOL64=''
OTOOL=''
PACKAGE='fdk-aac'
PACKAGE_BUGREPORT='http://sourceforge.net/projects/opencore-amr/'
PACKAGE_NAME='fdk-aac'
PACKAGE_STRING='fdk-aac 0.1.4'
PACKAGE_TARNAME='fdk-aac'
PACKAGE_URL=''
PACKAGE_VERSION='0.1.4'
PATH_SEPARATOR=':'
RANLIB=''
SED=''
SET_MAKE=''
SHELL='/bin/sh'
STRIP='strip'
VERSION='0.1.4'
ac_ct_AR=''
ac_ct_CC=''
ac_ct_CXX=''
ac_ct_DUMPBIN=''
am__EXEEXT_FALSE=''
am__EXEEXT_TRUE=''
am__fastdepCC_FALSE=''
am__fastdepCC_TRUE=''
am__fastdepCXX_FALSE=''
am__fastdepCXX_TRUE=''
am__include=''
am__isrc=''
am__leading_dot='.'
am__nodep=''
am__quote=''
am__tar='tar --format=ustar -chf - "$$tardir"'
am__untar='tar -xf -'
bindir='${exec_prefix}/bin'
build=''
build_alias=''
build_cpu=''
build_os=''
build_vendor=''
datadir='${datarootdir}'
datarootdir='${prefix}/share'
docdir='${datarootdir}/doc/${PACKAGE_TARNAME}'
dvidir='${docdir}'
exec_prefix='NONE'
host='arm-androideabi-linux'
host_alias='arm-androideabi-linux'
host_cpu=''
host_os=''
host_vendor=''
htmldir='${docdir}'
includedir='${prefix}/include'
infodir='${datarootdir}/info'
install_sh='${SHELL} /Users/meitu/AndroidStudioProjects/FFmpeg/compile/fdk-aac-0.1.4/install-sh'
libdir='${exec_prefix}/lib'
libexecdir='${exec_prefix}/libexec'
localedir='${datarootdir}/locale'
localstatedir='${prefix}/var'
mandir='${datarootdir}/man'
mkdir_p='$(top_builddir)/./install-sh -c -d'
oldincludedir='/usr/include'
pdfdir='${docdir}'
prefix='/Users/meitu/AndroidStudioProjects/FFmpeg/compile/fdk-aac-0.1.4/Android/arm'
program_transform_name='s,x,x,'
psdir='${docdir}'
sbindir='${exec_prefix}/sbin'
sharedstatedir='${prefix}/com'
sysconfdir='${prefix}/etc'
target_alias=''

## ----------- ##
## confdefs.h. ##
## ----------- ##

/* confdefs.h */
#define PACKAGE_NAME "fdk-aac"
#define PACKAGE_TARNAME "fdk-aac"
#define PACKAGE_VERSION "0.1.4"
#define PACKAGE_STRING "fdk-aac 0.1.4"
#define PACKAGE_BUGREPORT "http://sourceforge.net/projects/opencore-amr/"
#define PACKAGE_URL ""
#define PACKAGE "fdk-aac"
#define VERSION "0.1.4"

configure: exit 77
